[0.316s] Invoking command in '/home/advay/mrt/build/tutorial_interfaces': CMAKE_PREFIX_PATH=${CMAKE_PREFIX_PATH}:/home/advay/mrt/install/aruco_srvcli:/home/advay/erc_ws/install/week1_tutorials:/home/advay/erc_ws/install/week0_tutorials:/home/advay/erc_ws/install/task_1:/home/advay/erc_ws/install/sherlock:/home/advay/erc_ws/install/mrs_hudson:/home/advay/erc_ws/install/ep3:/home/advay/erc_ws/src/install/week1_tutorials:/home/advay/erc_ws/src/install/week0_tutorials:/home/advay/erc_ws/src/install/task_1:/home/advay/erc_ws/src/install/sherlock:/opt/ros/humble /usr/bin/cmake --build /home/advay/mrt/build/tutorial_interfaces -- -j4 -l4
[0.376s] -- Found ament_cmake: 1.3.6 (/opt/ros/humble/share/ament_cmake/cmake)
[0.811s] -- Found geometry_msgs: 4.2.3 (/opt/ros/humble/share/geometry_msgs/cmake)
[0.890s] -- Found rosidl_generator_c: 3.1.5 (/opt/ros/humble/share/rosidl_generator_c/cmake)
[0.897s] -- Found rosidl_adapter: 3.1.5 (/opt/ros/humble/share/rosidl_adapter/cmake)
[0.914s] -- Found rosidl_generator_cpp: 3.1.5 (/opt/ros/humble/share/rosidl_generator_cpp/cmake)
[0.950s] -- Using all available rosidl_typesupport_c: rosidl_typesupport_fastrtps_c;rosidl_typesupport_introspection_c
[0.996s] -- Using all available rosidl_typesupport_cpp: rosidl_typesupport_fastrtps_cpp;rosidl_typesupport_introspection_cpp
[1.351s] -- Found rosidl_default_generators: 1.2.0 (/opt/ros/humble/share/rosidl_default_generators/cmake)
[1.975s] [31mCMake Error at /opt/ros/humble/share/rosidl_adapter/cmake/rosidl_adapt_interfaces.cmake:59 (message):
[1.976s]   execute_process(/usr/bin/python3.10 -m rosidl_adapter --package-name
[1.976s]   tutorial_interfaces --arguments-file
[1.977s]   /home/advay/mrt/build/tutorial_interfaces/rosidl_adapter__arguments__tutorial_interfaces.json
[1.977s]   --output-dir
[1.978s]   /home/advay/mrt/build/tutorial_interfaces/rosidl_adapter/tutorial_interfaces
[1.978s]   --output-file
[1.978s]   /home/advay/mrt/build/tutorial_interfaces/rosidl_adapter/tutorial_interfaces.idls)
[1.979s]   returned error code 1:
[1.979s] 
[1.980s]   Error processing 'int32[][][] data' of 'tutorial_interfaces/3darray':
[1.980s]   ''int32[][]' is an invalid message name.  It should have the pattern
[1.981s]   '^[A-Z][A-Za-z0-9]*$''
[1.981s] 
[1.981s]   Traceback (most recent call last):
[1.982s] 
[1.982s]     File "/usr/lib/python3.10/runpy.py", line 196, in _run_module_as_main
[1.983s]       return _run_code(code, main_globals, None,
[1.983s]     File "/usr/lib/python3.10/runpy.py", line 86, in _run_code
[1.983s]       exec(code, run_globals)
[1.984s]     File "/opt/ros/humble/local/lib/python3.10/dist-packages/rosidl_adapter/__main__.py", line 19, in <module>
[1.984s]       sys.exit(main())
[1.985s]     File "/opt/ros/humble/local/lib/python3.10/dist-packages/rosidl_adapter/main.py", line 53, in main
[1.985s]       abs_idl_file = convert_to_idl(
[1.985s]     File "/opt/ros/humble/local/lib/python3.10/dist-packages/rosidl_adapter/__init__.py", line 19, in convert_to_idl
[1.986s]       return convert_msg_to_idl(
[1.986s]     File "/opt/ros/humble/local/lib/python3.10/dist-packages/rosidl_adapter/msg/__init__.py", line 28, in convert_msg_to_idl
[1.987s]       msg = parse_message_string(package_name, input_file.stem, content)
[1.987s]     File "/opt/ros/humble/local/lib/python3.10/dist-packages/rosidl_adapter/parser.py", line 520, in parse_message_string
[1.989s]       Type(type_string, context_package_name=pkg_name),
[1.989s]     File "/opt/ros/humble/local/lib/python3.10/dist-packages/rosidl_adapter/parser.py", line 277, in __init__
[1.990s]       super(Type, self).__init__(
[1.990s]     File "/opt/ros/humble/local/lib/python3.10/dist-packages/rosidl_adapter/parser.py", line 205, in __init__
[1.991s]       raise InvalidResourceName(
[1.991s] 
[1.992s]   rosidl_adapter.parser.InvalidResourceName: 'int32[][]' is an invalid
[1.992s]   message name.  It should have the pattern '^[A-Z][A-Za-z0-9]*$'
[1.992s] 
[1.993s] Call Stack (most recent call first):
[1.993s]   /opt/ros/humble/share/rosidl_cmake/cmake/rosidl_generate_interfaces.cmake:130 (rosidl_adapt_interfaces)
[1.994s]   CMakeLists.txt:16 (rosidl_generate_interfaces)
[1.994s] 
[1.995s] [0m
[1.995s] -- Configuring incomplete, errors occurred!
[1.996s] See also "/home/advay/mrt/build/tutorial_interfaces/CMakeFiles/CMakeOutput.log".
[1.996s] gmake: *** [Makefile:226: cmake_check_build_system] Error 1
[2.000s] Invoked command in '/home/advay/mrt/build/tutorial_interfaces' returned '2': CMAKE_PREFIX_PATH=${CMAKE_PREFIX_PATH}:/home/advay/mrt/install/aruco_srvcli:/home/advay/erc_ws/install/week1_tutorials:/home/advay/erc_ws/install/week0_tutorials:/home/advay/erc_ws/install/task_1:/home/advay/erc_ws/install/sherlock:/home/advay/erc_ws/install/mrs_hudson:/home/advay/erc_ws/install/ep3:/home/advay/erc_ws/src/install/week1_tutorials:/home/advay/erc_ws/src/install/week0_tutorials:/home/advay/erc_ws/src/install/task_1:/home/advay/erc_ws/src/install/sherlock:/opt/ros/humble /usr/bin/cmake --build /home/advay/mrt/build/tutorial_interfaces -- -j4 -l4
