[0.295s] Invoking command in '/home/advay/mrt/build/tutorial_interfaces': /usr/bin/cmake --build /home/advay/mrt/build/tutorial_interfaces -- -j4 -l4
[0.358s] -- Found ament_cmake: 1.3.6 (/opt/ros/humble/share/ament_cmake/cmake)
[0.749s] -- Found geometry_msgs: 4.2.3 (/opt/ros/humble/share/geometry_msgs/cmake)
[0.815s] -- Found rosidl_generator_c: 3.1.5 (/opt/ros/humble/share/rosidl_generator_c/cmake)
[0.821s] -- Found rosidl_adapter: 3.1.5 (/opt/ros/humble/share/rosidl_adapter/cmake)
[0.837s] -- Found rosidl_generator_cpp: 3.1.5 (/opt/ros/humble/share/rosidl_generator_cpp/cmake)
[0.869s] -- Using all available rosidl_typesupport_c: rosidl_typesupport_fastrtps_c;rosidl_typesupport_introspection_c
[0.913s] -- Using all available rosidl_typesupport_cpp: rosidl_typesupport_fastrtps_cpp;rosidl_typesupport_introspection_cpp
[1.232s] -- Found rosidl_default_generators: 1.2.0 (/opt/ros/humble/share/rosidl_default_generators/cmake)
[1.871s] Error parsing '/home/advay/mrt/src/tutorial_interfaces/package.xml':
[2.015s] Traceback (most recent call last):
[2.016s]   File "/usr/lib/python3/dist-packages/catkin_pkg/package.py", line 610, in parse_package_string
[2.041s]     root = dom.parseString(data)
[2.042s]   File "/usr/lib/python3.10/xml/dom/minidom.py", line 2000, in parseString
[2.043s]     return expatbuilder.parseString(string)
[2.044s]   File "/usr/lib/python3.10/xml/dom/expatbuilder.py", line 925, in parseString
[2.045s]     return builder.parseString(string)
[2.046s]   File "/usr/lib/python3.10/xml/dom/expatbuilder.py", line 223, in parseString
[2.046s]     parser.Parse(string, True)
[2.047s] xml.parsers.expat.ExpatError: mismatched tag: line 25, column 2
[2.047s] 
[2.048s] During handling of the above exception, another exception occurred:
[2.048s] 
[2.048s] Traceback (most recent call last):
[2.049s]   File "/opt/ros/humble/share/ament_cmake_core/cmake/core/package_xml_2_cmake.py", line 150, in <module>
[2.049s]     main()
[2.050s]   File "/opt/ros/humble/share/ament_cmake_core/cmake/core/package_xml_2_cmake.py", line 53, in main
[2.050s]     raise e
[2.050s]   File "/opt/ros/humble/share/ament_cmake_core/cmake/core/package_xml_2_cmake.py", line 49, in main
[2.051s]     package = parse_package_string(
[2.051s]   File "/usr/lib/python3/dist-packages/catkin_pkg/package.py", line 612, in parse_package_string
[2.051s]     raise InvalidPackage('The manifest contains invalid XML:\n%s' % ex, filename)
[2.052s] catkin_pkg.package.InvalidPackage: Error(s) in package '/home/advay/mrt/src/tutorial_interfaces/package.xml':
[2.052s] The manifest contains invalid XML:
[2.053s] mismatched tag: line 25, column 2
[2.099s] [31mCMake Error at /opt/ros/humble/share/ament_cmake_core/cmake/core/ament_package_xml.cmake:95 (message):
[2.100s]   execute_process(/usr/bin/python3.10
[2.100s]   /opt/ros/humble/share/ament_cmake_core/cmake/core/package_xml_2_cmake.py
[2.101s]   /home/advay/mrt/src/tutorial_interfaces/package.xml
[2.101s]   /home/advay/mrt/build/tutorial_interfaces/ament_cmake_core/package.cmake)
[2.102s]   returned error code 1
[2.102s] Call Stack (most recent call first):
[2.103s]   /opt/ros/humble/share/ament_cmake_core/cmake/core/ament_package_xml.cmake:49 (_ament_package_xml)
[2.103s]   /opt/ros/humble/share/rosidl_cmake/cmake/rosidl_generate_interfaces.cmake:226 (ament_package_xml)
[2.104s]   CMakeLists.txt:16 (rosidl_generate_interfaces)
[2.104s] 
[2.104s] [0m
[2.105s] -- Configuring incomplete, errors occurred!
[2.105s] See also "/home/advay/mrt/build/tutorial_interfaces/CMakeFiles/CMakeOutput.log".
[2.118s] gmake: *** [Makefile:1179: cmake_check_build_system] Error 1
[2.124s] Invoked command in '/home/advay/mrt/build/tutorial_interfaces' returned '2': /usr/bin/cmake --build /home/advay/mrt/build/tutorial_interfaces -- -j4 -l4
