[1.086s] Invoking command in '/home/advay/mrt/build/tutorial_interfaces': /usr/bin/cmake --build /home/advay/mrt/build/tutorial_interfaces -- -j4 -l4
[1.161s] -- Found ament_cmake: 1.3.6 (/opt/ros/humble/share/ament_cmake/cmake)
[1.685s] -- Found geometry_msgs: 4.2.3 (/opt/ros/humble/share/geometry_msgs/cmake)
[1.767s] -- Found rosidl_generator_c: 3.1.5 (/opt/ros/humble/share/rosidl_generator_c/cmake)
[1.775s] -- Found rosidl_adapter: 3.1.5 (/opt/ros/humble/share/rosidl_adapter/cmake)
[1.795s] -- Found rosidl_generator_cpp: 3.1.5 (/opt/ros/humble/share/rosidl_generator_cpp/cmake)
[1.847s] -- Using all available rosidl_typesupport_c: rosidl_typesupport_fastrtps_c;rosidl_typesupport_introspection_c
[1.918s] -- Using all available rosidl_typesupport_cpp: rosidl_typesupport_fastrtps_cpp;rosidl_typesupport_introspection_cpp
[2.356s] -- Found rosidl_default_generators: 1.2.0 (/opt/ros/humble/share/rosidl_default_generators/cmake)
[2.393s] -- Found sensor_msgs: 4.2.3 (/opt/ros/humble/share/sensor_msgs/cmake)
[3.568s] Error parsing '/home/advay/mrt/src/tutorial_interfaces/package.xml':
[3.788s] Traceback (most recent call last):
[3.789s]   File "/opt/ros/humble/share/ament_cmake_core/cmake/core/package_xml_2_cmake.py", line 150, in <module>
[3.789s]     main()
[3.790s]   File "/opt/ros/humble/share/ament_cmake_core/cmake/core/package_xml_2_cmake.py", line 53, in main
[3.791s]     raise e
[3.791s]   File "/opt/ros/humble/share/ament_cmake_core/cmake/core/package_xml_2_cmake.py", line 49, in main
[3.792s]     package = parse_package_string(
[3.793s]   File "/usr/lib/python3/dist-packages/catkin_pkg/package.py", line 786, in parse_package_string
[3.793s]     raise InvalidPackage('Error(s):%s' % (''.join(['\n- %s' % e for e in errors])), filename)
[3.794s] catkin_pkg.package.InvalidPackage: Error(s) in package '/home/advay/mrt/src/tutorial_interfaces/package.xml':
[3.795s] Error(s):
[3.795s] - The manifest of package "tutorial_interfaces" (with format version 3) must not contain the following tags: run_depend
[3.796s] - Please replace <run_depend> tags with <exec_depend> tags.
[3.869s] [31mCMake Error at /opt/ros/humble/share/ament_cmake_core/cmake/core/ament_package_xml.cmake:95 (message):
[3.870s]   execute_process(/usr/bin/python3.10
[3.870s]   /opt/ros/humble/share/ament_cmake_core/cmake/core/package_xml_2_cmake.py
[3.872s]   /home/advay/mrt/src/tutorial_interfaces/package.xml
[3.873s]   /home/advay/mrt/build/tutorial_interfaces/ament_cmake_core/package.cmake)
[3.875s]   returned error code 1
[3.876s] Call Stack (most recent call first):
[3.877s]   /opt/ros/humble/share/ament_cmake_core/cmake/core/ament_package_xml.cmake:49 (_ament_package_xml)
[3.879s]   /opt/ros/humble/share/rosidl_cmake/cmake/rosidl_generate_interfaces.cmake:226 (ament_package_xml)
[3.881s]   CMakeLists.txt:17 (rosidl_generate_interfaces)
[3.882s] 
[3.882s] [0m
[3.883s] -- Configuring incomplete, errors occurred!
[3.883s] See also "/home/advay/mrt/build/tutorial_interfaces/CMakeFiles/CMakeOutput.log".
[3.897s] gmake: *** [Makefile:1395: cmake_check_build_system] Error 1
[4.116s] Invoked command in '/home/advay/mrt/build/tutorial_interfaces' returned '2': /usr/bin/cmake --build /home/advay/mrt/build/tutorial_interfaces -- -j4 -l4
