[0.323s] Invoking command in '/home/advay/mrt/build/tutorial_interfaces': CMAKE_PREFIX_PATH=${CMAKE_PREFIX_PATH}:/home/advay/mrt/install/aruco_srvcli:/home/advay/erc_ws/install/week1_tutorials:/home/advay/erc_ws/install/week0_tutorials:/home/advay/erc_ws/install/task_1:/home/advay/erc_ws/install/sherlock:/home/advay/erc_ws/install/mrs_hudson:/home/advay/erc_ws/install/ep3:/home/advay/erc_ws/src/install/week1_tutorials:/home/advay/erc_ws/src/install/week0_tutorials:/home/advay/erc_ws/src/install/task_1:/home/advay/erc_ws/src/install/sherlock:/opt/ros/humble /usr/bin/cmake --build /home/advay/mrt/build/tutorial_interfaces -- -j4 -l4
[0.392s] -- Found ament_cmake: 1.3.6 (/opt/ros/humble/share/ament_cmake/cmake)
[0.851s] -- Found geometry_msgs: 4.2.3 (/opt/ros/humble/share/geometry_msgs/cmake)
[0.932s] -- Found rosidl_generator_c: 3.1.5 (/opt/ros/humble/share/rosidl_generator_c/cmake)
[0.940s] -- Found rosidl_adapter: 3.1.5 (/opt/ros/humble/share/rosidl_adapter/cmake)
[0.959s] -- Found rosidl_generator_cpp: 3.1.5 (/opt/ros/humble/share/rosidl_generator_cpp/cmake)
[0.997s] -- Using all available rosidl_typesupport_c: rosidl_typesupport_fastrtps_c;rosidl_typesupport_introspection_c
[1.048s] -- Using all available rosidl_typesupport_cpp: rosidl_typesupport_fastrtps_cpp;rosidl_typesupport_introspection_cpp
[1.410s] -- Found rosidl_default_generators: 1.2.0 (/opt/ros/humble/share/rosidl_default_generators/cmake)
[2.059s] [31mCMake Error at /opt/ros/humble/share/rosidl_adapter/cmake/rosidl_adapt_interfaces.cmake:59 (message):
[2.060s]   execute_process(/usr/bin/python3.10 -m rosidl_adapter --package-name
[2.060s]   tutorial_interfaces --arguments-file
[2.061s]   /home/advay/mrt/build/tutorial_interfaces/rosidl_adapter__arguments__tutorial_interfaces.json
[2.061s]   --output-dir
[2.061s]   /home/advay/mrt/build/tutorial_interfaces/rosidl_adapter/tutorial_interfaces
[2.062s]   --output-file
[2.062s]   /home/advay/mrt/build/tutorial_interfaces/rosidl_adapter/tutorial_interfaces.idls)
[2.063s]   returned error code 1:
[2.063s] 
[2.063s]   Error processing 'sensor_msgs.Image image' of 'tutorial_interfaces/Aruco':
[2.064s]   ''sensor_msgs.Image' is an invalid message name.  It should have the
[2.064s]   pattern '^[A-Z][A-Za-z0-9]*$''
[2.065s] 
[2.065s]   Traceback (most recent call last):
[2.065s] 
[2.066s]     File "/usr/lib/python3.10/runpy.py", line 196, in _run_module_as_main
[2.066s]       return _run_code(code, main_globals, None,
[2.067s]     File "/usr/lib/python3.10/runpy.py", line 86, in _run_code
[2.067s]       exec(code, run_globals)
[2.067s]     File "/opt/ros/humble/local/lib/python3.10/dist-packages/rosidl_adapter/__main__.py", line 19, in <module>
[2.068s]       sys.exit(main())
[2.068s]     File "/opt/ros/humble/local/lib/python3.10/dist-packages/rosidl_adapter/main.py", line 53, in main
[2.069s]       abs_idl_file = convert_to_idl(
[2.069s]     File "/opt/ros/humble/local/lib/python3.10/dist-packages/rosidl_adapter/__init__.py", line 19, in convert_to_idl
[2.069s]       return convert_msg_to_idl(
[2.070s]     File "/opt/ros/humble/local/lib/python3.10/dist-packages/rosidl_adapter/msg/__init__.py", line 28, in convert_msg_to_idl
[2.070s]       msg = parse_message_string(package_name, input_file.stem, content)
[2.071s]     File "/opt/ros/humble/local/lib/python3.10/dist-packages/rosidl_adapter/parser.py", line 520, in parse_message_string
[2.071s]       Type(type_string, context_package_name=pkg_name),
[2.071s]     File "/opt/ros/humble/local/lib/python3.10/dist-packages/rosidl_adapter/parser.py", line 277, in __init__
[2.072s]       super(Type, self).__init__(
[2.072s]     File "/opt/ros/humble/local/lib/python3.10/dist-packages/rosidl_adapter/parser.py", line 205, in __init__
[2.073s]       raise InvalidResourceName(
[2.073s] 
[2.073s]   rosidl_adapter.parser.InvalidResourceName: 'sensor_msgs.Image' is an
[2.074s]   invalid message name.  It should have the pattern '^[A-Z][A-Za-z0-9]*$'
[2.074s] 
[2.075s] Call Stack (most recent call first):
[2.075s]   /opt/ros/humble/share/rosidl_cmake/cmake/rosidl_generate_interfaces.cmake:130 (rosidl_adapt_interfaces)
[2.075s]   CMakeLists.txt:16 (rosidl_generate_interfaces)
[2.076s] 
[2.076s] [0m
[2.077s] -- Configuring incomplete, errors occurred!
[2.077s] See also "/home/advay/mrt/build/tutorial_interfaces/CMakeFiles/CMakeOutput.log".
[2.080s] gmake: *** [Makefile:1179: cmake_check_build_system] Error 1
[2.087s] Invoked command in '/home/advay/mrt/build/tutorial_interfaces' returned '2': CMAKE_PREFIX_PATH=${CMAKE_PREFIX_PATH}:/home/advay/mrt/install/aruco_srvcli:/home/advay/erc_ws/install/week1_tutorials:/home/advay/erc_ws/install/week0_tutorials:/home/advay/erc_ws/install/task_1:/home/advay/erc_ws/install/sherlock:/home/advay/erc_ws/install/mrs_hudson:/home/advay/erc_ws/install/ep3:/home/advay/erc_ws/src/install/week1_tutorials:/home/advay/erc_ws/src/install/week0_tutorials:/home/advay/erc_ws/src/install/task_1:/home/advay/erc_ws/src/install/sherlock:/opt/ros/humble /usr/bin/cmake --build /home/advay/mrt/build/tutorial_interfaces -- -j4 -l4
