[0.280s] Invoking command in '/home/advay/mrt/build/tutorial_interfaces': CMAKE_PREFIX_PATH=${CMAKE_PREFIX_PATH}:/home/advay/mrt/install/aruco_srvcli:/home/advay/erc_ws/install/week1_tutorials:/home/advay/erc_ws/install/week0_tutorials:/home/advay/erc_ws/install/task_1:/home/advay/erc_ws/install/sherlock:/home/advay/erc_ws/install/mrs_hudson:/home/advay/erc_ws/install/ep3:/home/advay/erc_ws/src/install/week1_tutorials:/home/advay/erc_ws/src/install/week0_tutorials:/home/advay/erc_ws/src/install/task_1:/home/advay/erc_ws/src/install/sherlock:/opt/ros/humble /usr/bin/cmake --build /home/advay/mrt/build/tutorial_interfaces -- -j4 -l4
[0.342s] -- Found ament_cmake: 1.3.6 (/opt/ros/humble/share/ament_cmake/cmake)
[0.740s] -- Found geometry_msgs: 4.2.3 (/opt/ros/humble/share/geometry_msgs/cmake)
[0.808s] -- Found rosidl_generator_c: 3.1.5 (/opt/ros/humble/share/rosidl_generator_c/cmake)
[0.815s] -- Found rosidl_adapter: 3.1.5 (/opt/ros/humble/share/rosidl_adapter/cmake)
[0.831s] -- Found rosidl_generator_cpp: 3.1.5 (/opt/ros/humble/share/rosidl_generator_cpp/cmake)
[0.863s] -- Using all available rosidl_typesupport_c: rosidl_typesupport_fastrtps_c;rosidl_typesupport_introspection_c
[0.905s] -- Using all available rosidl_typesupport_cpp: rosidl_typesupport_fastrtps_cpp;rosidl_typesupport_introspection_cpp
[1.224s] -- Found rosidl_default_generators: 1.2.0 (/opt/ros/humble/share/rosidl_default_generators/cmake)
[1.804s] [31mCMake Error at /opt/ros/humble/share/rosidl_adapter/cmake/rosidl_adapt_interfaces.cmake:59 (message):
[1.805s]   execute_process(/usr/bin/python3.10 -m rosidl_adapter --package-name
[1.806s]   tutorial_interfaces --arguments-file
[1.807s]   /home/advay/mrt/build/tutorial_interfaces/rosidl_adapter__arguments__tutorial_interfaces.json
[1.807s]   --output-dir
[1.808s]   /home/advay/mrt/build/tutorial_interfaces/rosidl_adapter/tutorial_interfaces
[1.808s]   --output-file
[1.809s]   /home/advay/mrt/build/tutorial_interfaces/rosidl_adapter/tutorial_interfaces.idls)
[1.809s]   returned error code 1:
[1.810s] 
[1.810s]   Error processing 'sensor_msgs.msg._image.Image image' of
[1.811s]   'tutorial_interfaces/Aruco': ''sensor_msgs.msg._image.Image' is an invalid
[1.811s]   message name.  It should have the pattern '^[A-Z][A-Za-z0-9]*$''
[1.811s] 
[1.812s]   Traceback (most recent call last):
[1.812s] 
[1.813s]     File "/usr/lib/python3.10/runpy.py", line 196, in _run_module_as_main
[1.813s]       return _run_code(code, main_globals, None,
[1.813s]     File "/usr/lib/python3.10/runpy.py", line 86, in _run_code
[1.814s]       exec(code, run_globals)
[1.814s]     File "/opt/ros/humble/local/lib/python3.10/dist-packages/rosidl_adapter/__main__.py", line 19, in <module>
[1.815s]       sys.exit(main())
[1.815s]     File "/opt/ros/humble/local/lib/python3.10/dist-packages/rosidl_adapter/main.py", line 53, in main
[1.815s]       abs_idl_file = convert_to_idl(
[1.816s]     File "/opt/ros/humble/local/lib/python3.10/dist-packages/rosidl_adapter/__init__.py", line 19, in convert_to_idl
[1.816s]       return convert_msg_to_idl(
[1.816s]     File "/opt/ros/humble/local/lib/python3.10/dist-packages/rosidl_adapter/msg/__init__.py", line 28, in convert_msg_to_idl
[1.817s]       msg = parse_message_string(package_name, input_file.stem, content)
[1.817s]     File "/opt/ros/humble/local/lib/python3.10/dist-packages/rosidl_adapter/parser.py", line 520, in parse_message_string
[1.817s]       Type(type_string, context_package_name=pkg_name),
[1.818s]     File "/opt/ros/humble/local/lib/python3.10/dist-packages/rosidl_adapter/parser.py", line 277, in __init__
[1.818s]       super(Type, self).__init__(
[1.819s]     File "/opt/ros/humble/local/lib/python3.10/dist-packages/rosidl_adapter/parser.py", line 205, in __init__
[1.819s]       raise InvalidResourceName(
[1.820s] 
[1.820s]   rosidl_adapter.parser.InvalidResourceName: 'sensor_msgs.msg._image.Image'
[1.820s]   is an invalid message name.  It should have the pattern
[1.821s]   '^[A-Z][A-Za-z0-9]*$'
[1.821s] 
[1.822s] Call Stack (most recent call first):
[1.822s]   /opt/ros/humble/share/rosidl_cmake/cmake/rosidl_generate_interfaces.cmake:130 (rosidl_adapt_interfaces)
[1.822s]   CMakeLists.txt:16 (rosidl_generate_interfaces)
[1.823s] 
[1.823s] [0m
[1.824s] -- Configuring incomplete, errors occurred!
[1.824s] See also "/home/advay/mrt/build/tutorial_interfaces/CMakeFiles/CMakeOutput.log".
[1.828s] gmake: *** [Makefile:1179: cmake_check_build_system] Error 1
[1.838s] Invoked command in '/home/advay/mrt/build/tutorial_interfaces' returned '2': CMAKE_PREFIX_PATH=${CMAKE_PREFIX_PATH}:/home/advay/mrt/install/aruco_srvcli:/home/advay/erc_ws/install/week1_tutorials:/home/advay/erc_ws/install/week0_tutorials:/home/advay/erc_ws/install/task_1:/home/advay/erc_ws/install/sherlock:/home/advay/erc_ws/install/mrs_hudson:/home/advay/erc_ws/install/ep3:/home/advay/erc_ws/src/install/week1_tutorials:/home/advay/erc_ws/src/install/week0_tutorials:/home/advay/erc_ws/src/install/task_1:/home/advay/erc_ws/src/install/sherlock:/opt/ros/humble /usr/bin/cmake --build /home/advay/mrt/build/tutorial_interfaces -- -j4 -l4
