[0.323s] Invoking command in '/home/advay/mrt/build/tutorial_interfaces': CMAKE_PREFIX_PATH=${CMAKE_PREFIX_PATH}:/home/advay/mrt/install/aruco_srvcli:/home/advay/erc_ws/install/week1_tutorials:/home/advay/erc_ws/install/week0_tutorials:/home/advay/erc_ws/install/task_1:/home/advay/erc_ws/install/sherlock:/home/advay/erc_ws/install/mrs_hudson:/home/advay/erc_ws/install/ep3:/home/advay/erc_ws/src/install/week1_tutorials:/home/advay/erc_ws/src/install/week0_tutorials:/home/advay/erc_ws/src/install/task_1:/home/advay/erc_ws/src/install/sherlock:/opt/ros/humble /usr/bin/cmake --build /home/advay/mrt/build/tutorial_interfaces -- -j4 -l4
[0.478s] [  1%] [32mBuilding C object CMakeFiles/tutorial_interfaces__rosidl_generator_c.dir/rosidl_generator_c/tutorial_interfaces/srv/detail/image__functions.c.o[0m
[0.481s] [  3%] Built target tutorial_interfaces__cpp
[0.486s] [  5%] [32mBuilding C object CMakeFiles/tutorial_interfaces__rosidl_generator_c.dir/rosidl_generator_c/tutorial_interfaces/msg/detail/aruco__functions.c.o[0m
[0.558s] In file included from [01m[K/home/advay/mrt/build/tutorial_interfaces/rosidl_generator_c/tutorial_interfaces/srv/detail/image__functions.h:19[m[K,
[0.559s]                  from [01m[K/home/advay/mrt/build/tutorial_interfaces/rosidl_generator_c/tutorial_interfaces/srv/detail/image__functions.c:4[m[K:
[0.559s] [01m[K/home/advay/mrt/build/tutorial_interfaces/rosidl_generator_c/tutorial_interfaces/srv/detail/image__struct.h:22:10:[m[K [01;31m[Kfatal error: [m[Ksensor_msgs/msg/detail/image__struct.h: No such file or directory
[0.560s]    22 | #include [01;31m[K"sensor_msgs/msg/detail/image__struct.h"[m[K
[0.560s]       |          [01;31m[K^~~~~~~~~~~~~~~~~~~~~~~~~~~~~~~~~~~~~~~~[m[K
[0.561s] compilation terminated.
[0.564s] In file included from [01m[K/home/advay/mrt/build/tutorial_interfaces/rosidl_generator_c/tutorial_interfaces/msg/detail/aruco__functions.h:19[m[K,
[0.564s]                  from [01m[K/home/advay/mrt/build/tutorial_interfaces/rosidl_generator_c/tutorial_interfaces/msg/detail/aruco__functions.c:4[m[K:
[0.565s] [01m[K/home/advay/mrt/build/tutorial_interfaces/rosidl_generator_c/tutorial_interfaces/msg/detail/aruco__struct.h:22:10:[m[K [01;31m[Kfatal error: [m[Ksensor_msgs/msg/detail/image__struct.h: No such file or directory
[0.565s]    22 | #include [01;31m[K"sensor_msgs/msg/detail/image__struct.h"[m[K
[0.566s]       |          [01;31m[K^~~~~~~~~~~~~~~~~~~~~~~~~~~~~~~~~~~~~~~~[m[K
[0.566s] compilation terminated.
[0.567s] [  5%] Built target ament_cmake_python_copy_tutorial_interfaces
[0.573s] gmake[2]: *** [CMakeFiles/tutorial_interfaces__rosidl_generator_c.dir/build.make:254: CMakeFiles/tutorial_interfaces__rosidl_generator_c.dir/rosidl_generator_c/tutorial_interfaces/srv/detail/image__functions.c.o] Error 1
[0.573s] gmake[2]: *** Waiting for unfinished jobs....
[0.574s] gmake[2]: *** [CMakeFiles/tutorial_interfaces__rosidl_generator_c.dir/build.make:240: CMakeFiles/tutorial_interfaces__rosidl_generator_c.dir/rosidl_generator_c/tutorial_interfaces/msg/detail/aruco__functions.c.o] Error 1
[0.576s] gmake[1]: *** [CMakeFiles/Makefile2:213: CMakeFiles/tutorial_interfaces__rosidl_generator_c.dir/all] Error 2
[0.576s] gmake[1]: *** Waiting for unfinished jobs....
[0.593s] [  7%] [32mBuilding CXX object CMakeFiles/tutorial_interfaces__rosidl_typesupport_cpp.dir/rosidl_typesupport_cpp/tutorial_interfaces/msg/aruco__type_support.cpp.o[0m
[0.600s] [  9%] [32mBuilding CXX object CMakeFiles/tutorial_interfaces__rosidl_typesupport_cpp.dir/rosidl_typesupport_cpp/tutorial_interfaces/srv/image__type_support.cpp.o[0m
[0.676s] [ 12%] [32mBuilding CXX object CMakeFiles/tutorial_interfaces__rosidl_typesupport_fastrtps_cpp.dir/rosidl_typesupport_fastrtps_cpp/tutorial_interfaces/srv/detail/dds_fastrtps/image__type_support.cpp.o[0m
[0.680s] [ 12%] [32mBuilding CXX object CMakeFiles/tutorial_interfaces__rosidl_typesupport_fastrtps_cpp.dir/rosidl_typesupport_fastrtps_cpp/tutorial_interfaces/msg/detail/dds_fastrtps/aruco__type_support.cpp.o[0m
[0.918s] In file included from [01m[K/home/advay/mrt/build/tutorial_interfaces/rosidl_typesupport_cpp/tutorial_interfaces/msg/aruco__type_support.cpp:7[m[K:
[0.920s] [01m[K/home/advay/mrt/build/tutorial_interfaces/rosidl_generator_cpp/tutorial_interfaces/msg/detail/aruco__struct.hpp:20:10:[m[K [01;31m[Kfatal error: [m[Ksensor_msgs/msg/detail/image__struct.hpp: No such file or directory
[0.923s]    20 | #include [01;31m[K"sensor_msgs/msg/detail/image__struct.hpp"[m[K
[0.926s]       |          [01;31m[K^~~~~~~~~~~~~~~~~~~~~~~~~~~~~~~~~~~~~~~~~~[m[K
[0.930s] In file included from [01m[K/home/advay/mrt/build/tutorial_interfaces/rosidl_typesupport_cpp/tutorial_interfaces/srv/image__type_support.cpp:7[m[K:
[0.932s] [01m[K/home/advay/mrt/build/tutorial_interfaces/rosidl_generator_cpp/tutorial_interfaces/srv/detail/image__struct.hpp:20:10:[m[K [01;31m[Kfatal error: [m[Ksensor_msgs/msg/detail/image__struct.hpp: No such file or directory
[0.933s]    20 | #include [01;31m[K"sensor_msgs/msg/detail/image__struct.hpp"[m[K
[0.933s]       |          [01;31m[K^~~~~~~~~~~~~~~~~~~~~~~~~~~~~~~~~~~~~~~~~~[m[K
[0.933s] compilation terminated.
[0.941s] compilation terminated.
[0.952s] gmake[2]: *** [CMakeFiles/tutorial_interfaces__rosidl_typesupport_cpp.dir/build.make:185: CMakeFiles/tutorial_interfaces__rosidl_typesupport_cpp.dir/rosidl_typesupport_cpp/tutorial_interfaces/msg/aruco__type_support.cpp.o] Error 1
[0.953s] gmake[2]: *** Waiting for unfinished jobs....
[0.953s] gmake[2]: *** [CMakeFiles/tutorial_interfaces__rosidl_typesupport_cpp.dir/build.make:199: CMakeFiles/tutorial_interfaces__rosidl_typesupport_cpp.dir/rosidl_typesupport_cpp/tutorial_interfaces/srv/image__type_support.cpp.o] Error 1
[0.953s] gmake[1]: *** [CMakeFiles/Makefile2:395: CMakeFiles/tutorial_interfaces__rosidl_typesupport_cpp.dir/all] Error 2
[0.995s] In file included from [01m[K/home/advay/mrt/build/tutorial_interfaces/rosidl_typesupport_fastrtps_cpp/tutorial_interfaces/msg/detail/aruco__rosidl_typesupport_fastrtps_cpp.hpp:11[m[K,
[0.996s]                  from [01m[K/home/advay/mrt/build/tutorial_interfaces/rosidl_typesupport_fastrtps_cpp/tutorial_interfaces/msg/detail/dds_fastrtps/aruco__type_support.cpp:4[m[K:
[0.996s] [01m[K/home/advay/mrt/build/tutorial_interfaces/rosidl_generator_cpp/tutorial_interfaces/msg/detail/aruco__struct.hpp:20:10:[m[K [01;31m[Kfatal error: [m[Ksensor_msgs/msg/detail/image__struct.hpp: No such file or directory
[0.996s]    20 | #include [01;31m[K"sensor_msgs/msg/detail/image__struct.hpp"[m[K
[0.997s]       |          [01;31m[K^~~~~~~~~~~~~~~~~~~~~~~~~~~~~~~~~~~~~~~~~~[m[K
[0.997s] compilation terminated.
[0.999s] gmake[2]: *** [CMakeFiles/tutorial_interfaces__rosidl_typesupport_fastrtps_cpp.dir/build.make:199: CMakeFiles/tutorial_interfaces__rosidl_typesupport_fastrtps_cpp.dir/rosidl_typesupport_fastrtps_cpp/tutorial_interfaces/msg/detail/dds_fastrtps/aruco__type_support.cpp.o] Error 1
[1.000s] gmake[2]: *** Waiting for unfinished jobs....
[1.003s] In file included from [01m[K/home/advay/mrt/build/tutorial_interfaces/rosidl_typesupport_fastrtps_cpp/tutorial_interfaces/srv/detail/image__rosidl_typesupport_fastrtps_cpp.hpp:11[m[K,
[1.004s]                  from [01m[K/home/advay/mrt/build/tutorial_interfaces/rosidl_typesupport_fastrtps_cpp/tutorial_interfaces/srv/detail/dds_fastrtps/image__type_support.cpp:4[m[K:
[1.004s] [01m[K/home/advay/mrt/build/tutorial_interfaces/rosidl_generator_cpp/tutorial_interfaces/srv/detail/image__struct.hpp:20:10:[m[K [01;31m[Kfatal error: [m[Ksensor_msgs/msg/detail/image__struct.hpp: No such file or directory
[1.004s]    20 | #include [01;31m[K"sensor_msgs/msg/detail/image__struct.hpp"[m[K
[1.004s]       |          [01;31m[K^~~~~~~~~~~~~~~~~~~~~~~~~~~~~~~~~~~~~~~~~~[m[K
[1.005s] compilation terminated.
[1.006s] gmake[2]: *** [CMakeFiles/tutorial_interfaces__rosidl_typesupport_fastrtps_cpp.dir/build.make:213: CMakeFiles/tutorial_interfaces__rosidl_typesupport_fastrtps_cpp.dir/rosidl_typesupport_fastrtps_cpp/tutorial_interfaces/srv/detail/dds_fastrtps/image__type_support.cpp.o] Error 1
[1.006s] gmake[1]: *** [CMakeFiles/Makefile2:291: CMakeFiles/tutorial_interfaces__rosidl_typesupport_fastrtps_cpp.dir/all] Error 2
[1.007s] gmake: *** [Makefile:146: all] Error 2
[1.012s] Invoked command in '/home/advay/mrt/build/tutorial_interfaces' returned '2': CMAKE_PREFIX_PATH=${CMAKE_PREFIX_PATH}:/home/advay/mrt/install/aruco_srvcli:/home/advay/erc_ws/install/week1_tutorials:/home/advay/erc_ws/install/week0_tutorials:/home/advay/erc_ws/install/task_1:/home/advay/erc_ws/install/sherlock:/home/advay/erc_ws/install/mrs_hudson:/home/advay/erc_ws/install/ep3:/home/advay/erc_ws/src/install/week1_tutorials:/home/advay/erc_ws/src/install/week0_tutorials:/home/advay/erc_ws/src/install/task_1:/home/advay/erc_ws/src/install/sherlock:/opt/ros/humble /usr/bin/cmake --build /home/advay/mrt/build/tutorial_interfaces -- -j4 -l4
